2025-08-26 20:36:22.809 [restartedMain] INFO  c.g.u.UserServiceApplication - Starting UserServiceApplication using Java 21.0.8 with PID 16280 (C:\Users\bikku\OneDrive\Desktop\GymAi\user-service\target\classes started by bikku in C:\Users\bikku\OneDrive\Desktop\GymAi\user-service)
2025-08-26 20:36:22.829 [restartedMain] DEBUG c.g.u.UserServiceApplication - Running with Spring Boot v3.5.4, Spring v6.2.9
2025-08-26 20:36:22.832 [restartedMain] INFO  c.g.u.UserServiceApplication - No active profile set, falling back to 1 default profile: "default"
2025-08-26 20:36:22.958 [restartedMain] INFO  o.s.b.d.e.DevToolsPropertyDefaultsPostProcessor - Devtools property defaults active! Set 'spring.devtools.add-properties' to 'false' to disable
2025-08-26 20:36:22.964 [restartedMain] INFO  o.s.b.d.e.DevToolsPropertyDefaultsPostProcessor - For additional web related logging consider setting the 'logging.level.web' property to 'DEBUG'
2025-08-26 20:36:24.745 [restartedMain] INFO  o.s.d.r.c.RepositoryConfigurationDelegate - Bootstrapping Spring Data JPA repositories in DEFAULT mode.
2025-08-26 20:36:24.849 [restartedMain] INFO  o.s.d.r.c.RepositoryConfigurationDelegate - Finished Spring Data repository scanning in 85 ms. Found 1 JPA repository interface.
2025-08-26 20:36:25.168 [restartedMain] INFO  o.s.cloud.context.scope.GenericScope - BeanFactory id=57c3d04b-fd81-322c-8dab-4c23accd19ba
2025-08-26 20:36:25.842 [restartedMain] INFO  o.s.b.w.e.tomcat.TomcatWebServer - Tomcat initialized with port 8082 (http)
2025-08-26 20:36:25.861 [restartedMain] INFO  o.a.coyote.http11.Http11NioProtocol - Initializing ProtocolHandler ["http-nio-8082"]
2025-08-26 20:36:25.865 [restartedMain] INFO  o.a.catalina.core.StandardService - Starting service [Tomcat]
2025-08-26 20:36:25.865 [restartedMain] INFO  o.a.catalina.core.StandardEngine - Starting Servlet engine: [Apache Tomcat/10.1.43]
2025-08-26 20:36:25.940 [restartedMain] INFO  o.a.c.c.C.[Tomcat].[localhost].[/] - Initializing Spring embedded WebApplicationContext
2025-08-26 20:36:25.940 [restartedMain] INFO  o.s.b.w.s.c.ServletWebServerApplicationContext - Root WebApplicationContext: initialization completed in 2974 ms
2025-08-26 20:36:26.084 [restartedMain] INFO  c.gymai.security.service.JwtService - JWT Secret Key initialized: N2FjZTYwYTgzOGJkZTdkYzQ2ZTgwNjUwMzFlZTJjY2ZiYTYyY2I3OWQ1YjFiNDY0MmZhNTBhMGI4OGY3OGVmYw==
2025-08-26 20:36:26.320 [restartedMain] INFO  o.h.jpa.internal.util.LogHelper - HHH000204: Processing PersistenceUnitInfo [name: default]
2025-08-26 20:36:26.418 [restartedMain] INFO  org.hibernate.Version - HHH000412: Hibernate ORM core version 6.6.22.Final
2025-08-26 20:36:26.474 [restartedMain] INFO  o.h.c.i.RegionFactoryInitiator - HHH000026: Second-level cache disabled
2025-08-26 20:36:26.856 [restartedMain] INFO  o.s.o.j.p.SpringPersistenceUnitInfo - No LoadTimeWeaver setup: ignoring JPA class transformer
2025-08-26 20:36:26.897 [restartedMain] INFO  com.zaxxer.hikari.HikariDataSource - HikariPool-1 - Starting...
2025-08-26 20:36:27.231 [restartedMain] INFO  com.zaxxer.hikari.pool.HikariPool - HikariPool-1 - Added connection org.postgresql.jdbc.PgConnection@682d5b23
2025-08-26 20:36:27.231 [restartedMain] INFO  com.zaxxer.hikari.HikariDataSource - HikariPool-1 - Start completed.
2025-08-26 20:36:27.286 [restartedMain] WARN  org.hibernate.orm.deprecation - HHH90000025: PostgreSQLDialect does not need to be specified explicitly using 'hibernate.dialect' (remove the property setting and it will be selected by default)
2025-08-26 20:36:27.309 [restartedMain] INFO  o.hibernate.orm.connections.pooling - HHH10001005: Database info:
	Database JDBC URL [Connecting through datasource 'HikariDataSource (HikariPool-1)']
	Database driver: undefined/unknown
	Database version: 17.5
	Autocommit mode: undefined/unknown
	Isolation level: undefined/unknown
	Minimum pool size: undefined/unknown
	Maximum pool size: undefined/unknown
2025-08-26 20:36:28.691 [restartedMain] INFO  o.h.e.t.j.p.i.JtaPlatformInitiator - HHH000489: No JTA platform available (set 'hibernate.transaction.jta.platform' to enable JTA platform integration)
2025-08-26 20:36:28.766 [restartedMain] INFO  o.s.o.j.LocalContainerEntityManagerFactoryBean - Initialized JPA EntityManagerFactory for persistence unit 'default'
2025-08-26 20:36:29.580 [restartedMain] WARN  o.s.b.a.o.j.JpaBaseConfiguration$JpaWebConfiguration - spring.jpa.open-in-view is enabled by default. Therefore, database queries may be performed during view rendering. Explicitly configure spring.jpa.open-in-view to disable this warning
2025-08-26 20:36:29.892 [restartedMain] INFO  o.s.b.a.e.web.EndpointLinksResolver - Exposing 1 endpoint beneath base path '/actuator'
2025-08-26 20:36:29.946 [restartedMain] INFO  o.s.s.c.a.a.c.InitializeUserDetailsBeanManagerConfigurer$InitializeUserDetailsManagerConfigurer - Global AuthenticationManager configured with UserDetailsService bean with name jwtUserDetailsService
2025-08-26 20:36:29.997 [restartedMain] INFO  c.g.security.config.SecurityConfig - Initializing Security Filter Chain with global CORS...
2025-08-26 20:36:29.997 [restartedMain] INFO  c.g.security.config.SecurityConfig - Setting up global CORS configuration...
2025-08-26 20:36:30.404 [restartedMain] INFO  o.s.b.d.a.OptionalLiveReloadServer - LiveReload server is running on port 35729
2025-08-26 20:36:30.528 [restartedMain] INFO  o.a.coyote.http11.Http11NioProtocol - Starting ProtocolHandler ["http-nio-8082"]
2025-08-26 20:36:30.558 [restartedMain] INFO  o.s.b.w.e.tomcat.TomcatWebServer - Tomcat started on port 8082 (http) with context path '/'
2025-08-26 20:36:30.586 [restartedMain] INFO  c.g.u.UserServiceApplication - Started UserServiceApplication in 8.94 seconds (process running for 10.193)
2025-08-26 20:38:43.932 [http-nio-8082-exec-2] INFO  o.a.c.c.C.[Tomcat].[localhost].[/] - Initializing Spring DispatcherServlet 'dispatcherServlet'
2025-08-26 20:38:43.932 [http-nio-8082-exec-2] INFO  o.s.web.servlet.DispatcherServlet - Initializing Servlet 'dispatcherServlet'
2025-08-26 20:38:43.936 [http-nio-8082-exec-2] INFO  o.s.web.servlet.DispatcherServlet - Completed initialization in 4 ms
2025-08-26 20:38:43.997 [http-nio-8082-exec-2] WARN  c.g.s.filter.JwtAuthenticationFilter - Missing or invalid Authorization header for URI: /api/user/profile
2025-08-26 20:40:16.737 [http-nio-8082-exec-5] INFO  c.g.s.filter.JwtAuthenticationFilter - JWT extracted: eyJhbGciOiJIUzI1NiJ9.eyJzdWIiOiJCaGF3ZXNoQGdtYWlsLmNvbSIsInVzZXJJZCI6MSwibmFtZSI6IkJoYXdlc2giLCJlbWFpbCI6IkJoYXdlc2hAZ21haWwuY29tIiwicm9sZSI6IlVTRVIiLCJpYXQiOjE3NTYyMjA5OTMsImV4cCI6MTc1NjIyMTg5M30.e6lMTDyv-RdZ3RZq1NUVwTL5DRH9yXSfQVU-bJtkGz4
2025-08-26 20:40:16.843 [http-nio-8082-exec-5] INFO  c.g.s.filter.JwtAuthenticationFilter - Username extracted from JWT: Bhawesh@gmail.com
2025-08-26 20:40:16.843 [http-nio-8082-exec-5] INFO  c.g.s.service.JwtUserDetailsService - Loading UserDetails for email: Bhawesh@gmail.com
2025-08-26 20:40:16.847 [http-nio-8082-exec-5] INFO  c.g.s.filter.JwtAuthenticationFilter - UserDetails loaded for: Bhawesh@gmail.com
2025-08-26 20:40:16.850 [http-nio-8082-exec-5] INFO  c.gymai.security.service.JwtService - Token valid status for Bhawesh@gmail.com: true
2025-08-26 20:40:16.850 [http-nio-8082-exec-5] INFO  c.g.s.filter.JwtAuthenticationFilter - JWT is valid for user: Bhawesh@gmail.com
2025-08-26 20:40:16.850 [http-nio-8082-exec-5] INFO  c.g.s.filter.JwtAuthenticationFilter - Security context updated for user: Bhawesh@gmail.com
2025-08-26 20:40:16.886 [http-nio-8082-exec-5] DEBUG c.g.u.c.UserProfileController - Received token in GET /profile
2025-08-26 20:40:16.888 [http-nio-8082-exec-5] DEBUG c.g.u.c.UserProfileController - Extracted userId from token: 1
2025-08-26 20:40:16.888 [http-nio-8082-exec-5] DEBUG c.g.u.service.UserProfileService - Fetching user profile for userId: 1
2025-08-26 20:40:17.005 [http-nio-8082-exec-5] ERROR o.a.c.c.C.[.[.[.[dispatcherServlet] - Servlet.service() for servlet [dispatcherServlet] in context with path [] threw exception [Request processing failed: com.gymai.user_service.exception.ResourceNotFoundException: User not found with ID: 1] with root cause
com.gymai.user_service.exception.ResourceNotFoundException: User not found with ID: 1
	at com.gymai.user_service.service.UserProfileService.lambda$0(UserProfileService.java:42)
	at java.base/java.util.Optional.orElseThrow(Optional.java:403)
	at com.gymai.user_service.service.UserProfileService.getById(UserProfileService.java:42)
	at com.gymai.user_service.controller.UserProfileController.getProfile(UserProfileController.java:51)
	at java.base/jdk.internal.reflect.DirectMethodHandleAccessor.invoke(DirectMethodHandleAccessor.java:103)
	at java.base/java.lang.reflect.Method.invoke(Method.java:580)
	at org.springframework.web.method.support.InvocableHandlerMethod.doInvoke(InvocableHandlerMethod.java:258)
	at org.springframework.web.method.support.InvocableHandlerMethod.invokeForRequest(InvocableHandlerMethod.java:191)
	at org.springframework.web.servlet.mvc.method.annotation.ServletInvocableHandlerMethod.invokeAndHandle(ServletInvocableHandlerMethod.java:118)
	at org.springframework.web.servlet.mvc.method.annotation.RequestMappingHandlerAdapter.invokeHandlerMethod(RequestMappingHandlerAdapter.java:991)
	at org.springframework.web.servlet.mvc.method.annotation.RequestMappingHandlerAdapter.handleInternal(RequestMappingHandlerAdapter.java:896)
	at org.springframework.web.servlet.mvc.method.AbstractHandlerMethodAdapter.handle(AbstractHandlerMethodAdapter.java:87)
	at org.springframework.web.servlet.DispatcherServlet.doDispatch(DispatcherServlet.java:1089)
	at org.springframework.web.servlet.DispatcherServlet.doService(DispatcherServlet.java:979)
	at org.springframework.web.servlet.FrameworkServlet.processRequest(FrameworkServlet.java:1014)
	at org.springframework.web.servlet.FrameworkServlet.doGet(FrameworkServlet.java:903)
	at jakarta.servlet.http.HttpServlet.service(HttpServlet.java:564)
	at org.springframework.web.servlet.FrameworkServlet.service(FrameworkServlet.java:885)
	at jakarta.servlet.http.HttpServlet.service(HttpServlet.java:658)
	at org.apache.catalina.core.ApplicationFilterChain.internalDoFilter(ApplicationFilterChain.java:195)
	at org.apache.catalina.core.ApplicationFilterChain.doFilter(ApplicationFilterChain.java:140)
	at org.apache.tomcat.websocket.server.WsFilter.doFilter(WsFilter.java:51)
	at org.apache.catalina.core.ApplicationFilterChain.internalDoFilter(ApplicationFilterChain.java:164)
	at org.apache.catalina.core.ApplicationFilterChain.doFilter(ApplicationFilterChain.java:140)
	at org.springframework.web.filter.OncePerRequestFilter.doFilter(OncePerRequestFilter.java:110)
	at org.apache.catalina.core.ApplicationFilterChain.internalDoFilter(ApplicationFilterChain.java:164)
	at org.apache.catalina.core.ApplicationFilterChain.doFilter(ApplicationFilterChain.java:140)
	at org.springframework.web.filter.CompositeFilter$VirtualFilterChain.doFilter(CompositeFilter.java:108)
	at org.springframework.web.filter.CompositeFilter$VirtualFilterChain.doFilter(CompositeFilter.java:108)
	at org.springframework.security.web.FilterChainProxy.lambda$doFilterInternal$3(FilterChainProxy.java:231)
	at org.springframework.security.web.ObservationFilterChainDecorator$FilterObservation$SimpleFilterObservation.lambda$wrap$1(ObservationFilterChainDecorator.java:479)
	at org.springframework.security.web.ObservationFilterChainDecorator$AroundFilterObservation$SimpleAroundFilterObservation.lambda$wrap$1(ObservationFilterChainDecorator.java:340)
	at org.springframework.security.web.ObservationFilterChainDecorator.lambda$wrapSecured$0(ObservationFilterChainDecorator.java:82)
	at org.springframework.security.web.ObservationFilterChainDecorator$VirtualFilterChain.doFilter(ObservationFilterChainDecorator.java:128)
	at org.springframework.security.web.access.intercept.AuthorizationFilter.doFilter(AuthorizationFilter.java:101)
	at org.springframework.security.web.ObservationFilterChainDecorator$ObservationFilter.wrapFilter(ObservationFilterChainDecorator.java:240)
	at org.springframework.security.web.ObservationFilterChainDecorator$ObservationFilter.doFilter(ObservationFilterChainDecorator.java:227)
	at org.springframework.security.web.ObservationFilterChainDecorator$VirtualFilterChain.doFilter(ObservationFilterChainDecorator.java:137)
	at org.springframework.security.web.access.ExceptionTranslationFilter.doFilter(ExceptionTranslationFilter.java:125)
	at org.springframework.security.web.access.ExceptionTranslationFilter.doFilter(ExceptionTranslationFilter.java:119)
	at org.springframework.security.web.ObservationFilterChainDecorator$ObservationFilter.wrapFilter(ObservationFilterChainDecorator.java:240)
	at org.springframework.security.web.ObservationFilterChainDecorator$ObservationFilter.doFilter(ObservationFilterChainDecorator.java:227)
	at org.springframework.security.web.ObservationFilterChainDecorator$VirtualFilterChain.doFilter(ObservationFilterChainDecorator.java:137)
	at org.springframework.security.web.session.SessionManagementFilter.doFilter(SessionManagementFilter.java:131)
	at org.springframework.security.web.session.SessionManagementFilter.doFilter(SessionManagementFilter.java:85)
	at org.springframework.security.web.ObservationFilterChainDecorator$ObservationFilter.wrapFilter(ObservationFilterChainDecorator.java:240)
	at org.springframework.security.web.ObservationFilterChainDecorator$ObservationFilter.doFilter(ObservationFilterChainDecorator.java:227)
	at org.springframework.security.web.ObservationFilterChainDecorator$VirtualFilterChain.doFilter(ObservationFilterChainDecorator.java:137)
	at org.springframework.security.web.authentication.AnonymousAuthenticationFilter.doFilter(AnonymousAuthenticationFilter.java:100)
	at org.springframework.security.web.ObservationFilterChainDecorator$ObservationFilter.wrapFilter(ObservationFilterChainDecorator.java:240)
	at org.springframework.security.web.ObservationFilterChainDecorator$ObservationFilter.doFilter(ObservationFilterChainDecorator.java:227)
	at org.springframework.security.web.ObservationFilterChainDecorator$VirtualFilterChain.doFilter(ObservationFilterChainDecorator.java:137)
	at org.springframework.security.web.servletapi.SecurityContextHolderAwareRequestFilter.doFilter(SecurityContextHolderAwareRequestFilter.java:179)
	at org.springframework.security.web.ObservationFilterChainDecorator$ObservationFilter.wrapFilter(ObservationFilterChainDecorator.java:240)
	at org.springframework.security.web.ObservationFilterChainDecorator$ObservationFilter.doFilter(ObservationFilterChainDecorator.java:227)
	at org.springframework.security.web.ObservationFilterChainDecorator$VirtualFilterChain.doFilter(ObservationFilterChainDecorator.java:137)
	at org.springframework.security.web.savedrequest.RequestCacheAwareFilter.doFilter(RequestCacheAwareFilter.java:63)
	at org.springframework.security.web.ObservationFilterChainDecorator$ObservationFilter.wrapFilter(ObservationFilterChainDecorator.java:240)
	at org.springframework.security.web.ObservationFilterChainDecorator$ObservationFilter.doFilter(ObservationFilterChainDecorator.java:227)
	at org.springframework.security.web.ObservationFilterChainDecorator$VirtualFilterChain.doFilter(ObservationFilterChainDecorator.java:137)
	at com.gymai.security.filter.JwtAuthenticationFilter.doFilterInternal(JwtAuthenticationFilter.java:75)
	at org.springframework.web.filter.OncePerRequestFilter.doFilter(OncePerRequestFilter.java:116)
	at org.springframework.security.web.ObservationFilterChainDecorator$ObservationFilter.wrapFilter(ObservationFilterChainDecorator.java:240)
	at org.springframework.security.web.ObservationFilterChainDecorator$ObservationFilter.doFilter(ObservationFilterChainDecorator.java:227)
	at org.springframework.security.web.ObservationFilterChainDecorator$VirtualFilterChain.doFilter(ObservationFilterChainDecorator.java:137)
	at org.springframework.security.web.authentication.logout.LogoutFilter.doFilter(LogoutFilter.java:107)
	at org.springframework.security.web.authentication.logout.LogoutFilter.doFilter(LogoutFilter.java:93)
	at org.springframework.security.web.ObservationFilterChainDecorator$ObservationFilter.wrapFilter(ObservationFilterChainDecorator.java:240)
	at org.springframework.security.web.ObservationFilterChainDecorator$ObservationFilter.doFilter(ObservationFilterChainDecorator.java:227)
	at org.springframework.security.web.ObservationFilterChainDecorator$VirtualFilterChain.doFilter(ObservationFilterChainDecorator.java:137)
	at org.springframework.web.filter.CorsFilter.doFilterInternal(CorsFilter.java:91)
	at org.springframework.web.filter.OncePerRequestFilter.doFilter(OncePerRequestFilter.java:116)
	at org.springframework.security.web.ObservationFilterChainDecorator$ObservationFilter.wrapFilter(ObservationFilterChainDecorator.java:240)
	at org.springframework.security.web.ObservationFilterChainDecorator$ObservationFilter.doFilter(ObservationFilterChainDecorator.java:227)
	at org.springframework.security.web.ObservationFilterChainDecorator$VirtualFilterChain.doFilter(ObservationFilterChainDecorator.java:137)
	at org.springframework.security.web.header.HeaderWriterFilter.doHeadersAfter(HeaderWriterFilter.java:90)
	at org.springframework.security.web.header.HeaderWriterFilter.doFilterInternal(HeaderWriterFilter.java:75)
	at org.springframework.web.filter.OncePerRequestFilter.doFilter(OncePerRequestFilter.java:116)
	at org.springframework.security.web.ObservationFilterChainDecorator$ObservationFilter.wrapFilter(ObservationFilterChainDecorator.java:240)
	at org.springframework.security.web.ObservationFilterChainDecorator$ObservationFilter.doFilter(ObservationFilterChainDecorator.java:227)
	at org.springframework.security.web.ObservationFilterChainDecorator$VirtualFilterChain.doFilter(ObservationFilterChainDecorator.java:137)
	at org.springframework.security.web.context.SecurityContextHolderFilter.doFilter(SecurityContextHolderFilter.java:82)
	at org.springframework.security.web.context.SecurityContextHolderFilter.doFilter(SecurityContextHolderFilter.java:69)
	at org.springframework.security.web.ObservationFilterChainDecorator$ObservationFilter.wrapFilter(ObservationFilterChainDecorator.java:240)
	at org.springframework.security.web.ObservationFilterChainDecorator$ObservationFilter.doFilter(ObservationFilterChainDecorator.java:227)
	at org.springframework.security.web.ObservationFilterChainDecorator$VirtualFilterChain.doFilter(ObservationFilterChainDecorator.java:137)
	at org.springframework.security.web.context.request.async.WebAsyncManagerIntegrationFilter.doFilterInternal(WebAsyncManagerIntegrationFilter.java:62)
	at org.springframework.web.filter.OncePerRequestFilter.doFilter(OncePerRequestFilter.java:116)
	at org.springframework.security.web.ObservationFilterChainDecorator$ObservationFilter.wrapFilter(ObservationFilterChainDecorator.java:240)
	at org.springframework.security.web.ObservationFilterChainDecorator$ObservationFilter.doFilter(ObservationFilterChainDecorator.java:227)
	at org.springframework.security.web.ObservationFilterChainDecorator$VirtualFilterChain.doFilter(ObservationFilterChainDecorator.java:137)
	at org.springframework.security.web.session.DisableEncodeUrlFilter.doFilterInternal(DisableEncodeUrlFilter.java:42)
	at org.springframework.web.filter.OncePerRequestFilter.doFilter(OncePerRequestFilter.java:116)
	at org.springframework.security.web.ObservationFilterChainDecorator$ObservationFilter.wrapFilter(ObservationFilterChainDecorator.java:240)
	at org.springframework.security.web.ObservationFilterChainDecorator$AroundFilterObservation$SimpleAroundFilterObservation.lambda$wrap$0(ObservationFilterChainDecorator.java:323)
	at org.springframework.security.web.ObservationFilterChainDecorator$ObservationFilter.doFilter(ObservationFilterChainDecorator.java:224)
	at org.springframework.security.web.ObservationFilterChainDecorator$VirtualFilterChain.doFilter(ObservationFilterChainDecorator.java:137)
	at org.springframework.security.web.FilterChainProxy.doFilterInternal(FilterChainProxy.java:233)
	at org.springframework.security.web.FilterChainProxy.doFilter(FilterChainProxy.java:191)
	at org.springframework.web.filter.CompositeFilter$VirtualFilterChain.doFilter(CompositeFilter.java:113)
	at org.springframework.web.filter.ServletRequestPathFilter.doFilter(ServletRequestPathFilter.java:52)
	at org.springframework.web.filter.CompositeFilter$VirtualFilterChain.doFilter(CompositeFilter.java:113)
	at org.springframework.web.filter.CompositeFilter.doFilter(CompositeFilter.java:74)
	at org.springframework.security.config.annotation.web.configuration.WebSecurityConfiguration$CompositeFilterChainProxy.doFilter(WebSecurityConfiguration.java:319)
	at org.springframework.web.filter.CompositeFilter$VirtualFilterChain.doFilter(CompositeFilter.java:113)
	at org.springframework.web.servlet.handler.HandlerMappingIntrospector.lambda$createCacheFilter$4(HandlerMappingIntrospector.java:267)
	at org.springframework.web.filter.CompositeFilter$VirtualFilterChain.doFilter(CompositeFilter.java:113)
	at org.springframework.web.filter.CompositeFilter.doFilter(CompositeFilter.java:74)
	at org.springframework.security.config.annotation.web.configuration.WebMvcSecurityConfiguration$CompositeFilterChainProxy.doFilter(WebMvcSecurityConfiguration.java:240)
	at org.springframework.web.filter.DelegatingFilterProxy.invokeDelegate(DelegatingFilterProxy.java:362)
	at org.springframework.web.filter.DelegatingFilterProxy.doFilter(DelegatingFilterProxy.java:278)
	at org.apache.catalina.core.ApplicationFilterChain.internalDoFilter(ApplicationFilterChain.java:164)
	at org.apache.catalina.core.ApplicationFilterChain.doFilter(ApplicationFilterChain.java:140)
	at org.springframework.web.filter.RequestContextFilter.doFilterInternal(RequestContextFilter.java:100)
	at org.springframework.web.filter.OncePerRequestFilter.doFilter(OncePerRequestFilter.java:116)
	at org.apache.catalina.core.ApplicationFilterChain.internalDoFilter(ApplicationFilterChain.java:164)
	at org.apache.catalina.core.ApplicationFilterChain.doFilter(ApplicationFilterChain.java:140)
	at org.springframework.web.filter.FormContentFilter.doFilterInternal(FormContentFilter.java:93)
	at org.springframework.web.filter.OncePerRequestFilter.doFilter(OncePerRequestFilter.java:116)
	at org.apache.catalina.core.ApplicationFilterChain.internalDoFilter(ApplicationFilterChain.java:164)
	at org.apache.catalina.core.ApplicationFilterChain.doFilter(ApplicationFilterChain.java:140)
	at org.springframework.web.filter.ServerHttpObservationFilter.doFilterInternal(ServerHttpObservationFilter.java:110)
	at org.springframework.web.filter.OncePerRequestFilter.doFilter(OncePerRequestFilter.java:116)
	at org.apache.catalina.core.ApplicationFilterChain.internalDoFilter(ApplicationFilterChain.java:164)
	at org.apache.catalina.core.ApplicationFilterChain.doFilter(ApplicationFilterChain.java:140)
	at org.springframework.web.filter.CharacterEncodingFilter.doFilterInternal(CharacterEncodingFilter.java:201)
	at org.springframework.web.filter.OncePerRequestFilter.doFilter(OncePerRequestFilter.java:116)
	at org.apache.catalina.core.ApplicationFilterChain.internalDoFilter(ApplicationFilterChain.java:164)
	at org.apache.catalina.core.ApplicationFilterChain.doFilter(ApplicationFilterChain.java:140)
	at org.apache.catalina.core.StandardWrapperValve.invoke(StandardWrapperValve.java:167)
	at org.apache.catalina.core.StandardContextValve.invoke(StandardContextValve.java:90)
	at org.apache.catalina.authenticator.AuthenticatorBase.invoke(AuthenticatorBase.java:483)
	at org.apache.catalina.core.StandardHostValve.invoke(StandardHostValve.java:116)
	at org.apache.catalina.valves.ErrorReportValve.invoke(ErrorReportValve.java:93)
	at org.apache.catalina.core.StandardEngineValve.invoke(StandardEngineValve.java:74)
	at org.apache.catalina.connector.CoyoteAdapter.service(CoyoteAdapter.java:344)
	at org.apache.coyote.http11.Http11Processor.service(Http11Processor.java:398)
	at org.apache.coyote.AbstractProcessorLight.process(AbstractProcessorLight.java:63)
	at org.apache.coyote.AbstractProtocol$ConnectionHandler.process(AbstractProtocol.java:903)
	at org.apache.tomcat.util.net.NioEndpoint$SocketProcessor.doRun(NioEndpoint.java:1769)
	at org.apache.tomcat.util.net.SocketProcessorBase.run(SocketProcessorBase.java:52)
	at org.apache.tomcat.util.threads.ThreadPoolExecutor.runWorker(ThreadPoolExecutor.java:1189)
	at org.apache.tomcat.util.threads.ThreadPoolExecutor$Worker.run(ThreadPoolExecutor.java:658)
	at org.apache.tomcat.util.threads.TaskThread$WrappingRunnable.run(TaskThread.java:63)
	at java.base/java.lang.Thread.run(Thread.java:1583)
2025-08-26 20:49:04.369 [http-nio-8082-exec-8] INFO  c.g.s.filter.JwtAuthenticationFilter - JWT extracted: eyJhbGciOiJIUzI1NiJ9.eyJzdWIiOiJCaGF3ZXNoQGdtYWlsLmNvbSIsInVzZXJJZCI6MSwibmFtZSI6IkJoYXdlc2giLCJlbWFpbCI6IkJoYXdlc2hAZ21haWwuY29tIiwicm9sZSI6IlVTRVIiLCJpYXQiOjE3NTYyMjA5OTMsImV4cCI6MTc1NjIyMTg5M30.e6lMTDyv-RdZ3RZq1NUVwTL5DRH9yXSfQVU-bJtkGz4
2025-08-26 20:49:04.369 [http-nio-8082-exec-8] INFO  c.g.s.filter.JwtAuthenticationFilter - Username extracted from JWT: Bhawesh@gmail.com
2025-08-26 20:49:04.369 [http-nio-8082-exec-8] INFO  c.g.s.service.JwtUserDetailsService - Loading UserDetails for email: Bhawesh@gmail.com
2025-08-26 20:49:04.369 [http-nio-8082-exec-8] INFO  c.g.s.filter.JwtAuthenticationFilter - UserDetails loaded for: Bhawesh@gmail.com
2025-08-26 20:49:04.385 [http-nio-8082-exec-8] INFO  c.gymai.security.service.JwtService - Token valid status for Bhawesh@gmail.com: true
2025-08-26 20:49:04.385 [http-nio-8082-exec-8] INFO  c.g.s.filter.JwtAuthenticationFilter - JWT is valid for user: Bhawesh@gmail.com
2025-08-26 20:49:04.385 [http-nio-8082-exec-8] INFO  c.g.s.filter.JwtAuthenticationFilter - Security context updated for user: Bhawesh@gmail.com
2025-08-26 20:49:04.904 [http-nio-8082-exec-8] DEBUG c.g.u.c.UserProfileController - Profile completion check for userId 1 → false
2025-08-26 22:24:40.437 [HikariPool-1:housekeeper] WARN  com.zaxxer.hikari.pool.HikariPool - HikariPool-1 - Thread starvation or clock leap detected (housekeeper delta=1h34m42s925ms672µs600ns).
2025-08-26 22:29:50.430 [SpringApplicationShutdownHook] INFO  o.s.b.w.e.tomcat.GracefulShutdown - Commencing graceful shutdown. Waiting for active requests to complete
2025-08-26 22:29:50.473 [tomcat-shutdown] INFO  o.s.b.w.e.tomcat.GracefulShutdown - Graceful shutdown complete
2025-08-26 22:29:50.549 [SpringApplicationShutdownHook] INFO  o.s.o.j.LocalContainerEntityManagerFactoryBean - Closing JPA EntityManagerFactory for persistence unit 'default'
2025-08-26 22:29:50.592 [SpringApplicationShutdownHook] INFO  com.zaxxer.hikari.HikariDataSource - HikariPool-1 - Shutdown initiated...
2025-08-26 22:29:50.622 [SpringApplicationShutdownHook] INFO  com.zaxxer.hikari.HikariDataSource - HikariPool-1 - Shutdown completed.
2025-08-26 22:31:19.836 [restartedMain] INFO  c.g.u.UserServiceApplication - Starting UserServiceApplication using Java 21.0.8 with PID 22524 (C:\Users\bikku\OneDrive\Desktop\GymAi\user-service\target\classes started by bikku in C:\Users\bikku\OneDrive\Desktop\GymAi\user-service)
2025-08-26 22:31:19.842 [restartedMain] DEBUG c.g.u.UserServiceApplication - Running with Spring Boot v3.5.4, Spring v6.2.9
2025-08-26 22:31:19.842 [restartedMain] INFO  c.g.u.UserServiceApplication - No active profile set, falling back to 1 default profile: "default"
2025-08-26 22:31:19.961 [restartedMain] INFO  o.s.b.d.e.DevToolsPropertyDefaultsPostProcessor - Devtools property defaults active! Set 'spring.devtools.add-properties' to 'false' to disable
2025-08-26 22:31:19.961 [restartedMain] INFO  o.s.b.d.e.DevToolsPropertyDefaultsPostProcessor - For additional web related logging consider setting the 'logging.level.web' property to 'DEBUG'
2025-08-26 22:31:22.697 [restartedMain] INFO  o.s.d.r.c.RepositoryConfigurationDelegate - Bootstrapping Spring Data JPA repositories in DEFAULT mode.
2025-08-26 22:31:22.855 [restartedMain] INFO  o.s.d.r.c.RepositoryConfigurationDelegate - Finished Spring Data repository scanning in 118 ms. Found 1 JPA repository interface.
2025-08-26 22:31:23.445 [restartedMain] INFO  o.s.cloud.context.scope.GenericScope - BeanFactory id=57c3d04b-fd81-322c-8dab-4c23accd19ba
2025-08-26 22:31:24.833 [restartedMain] INFO  o.s.b.w.e.tomcat.TomcatWebServer - Tomcat initialized with port 8082 (http)
2025-08-26 22:31:24.878 [restartedMain] INFO  o.a.coyote.http11.Http11NioProtocol - Initializing ProtocolHandler ["http-nio-8082"]
2025-08-26 22:31:24.889 [restartedMain] INFO  o.a.catalina.core.StandardService - Starting service [Tomcat]
2025-08-26 22:31:24.889 [restartedMain] INFO  o.a.catalina.core.StandardEngine - Starting Servlet engine: [Apache Tomcat/10.1.43]
2025-08-26 22:31:25.037 [restartedMain] INFO  o.a.c.c.C.[Tomcat].[localhost].[/] - Initializing Spring embedded WebApplicationContext
2025-08-26 22:31:25.037 [restartedMain] INFO  o.s.b.w.s.c.ServletWebServerApplicationContext - Root WebApplicationContext: initialization completed in 5076 ms
2025-08-26 22:31:25.274 [restartedMain] INFO  c.gymai.security.service.JwtService - JWT Secret Key initialized: N2FjZTYwYTgzOGJkZTdkYzQ2ZTgwNjUwMzFlZTJjY2ZiYTYyY2I3OWQ1YjFiNDY0MmZhNTBhMGI4OGY3OGVmYw==
2025-08-26 22:31:25.700 [restartedMain] INFO  o.h.jpa.internal.util.LogHelper - HHH000204: Processing PersistenceUnitInfo [name: default]
2025-08-26 22:31:25.832 [restartedMain] INFO  org.hibernate.Version - HHH000412: Hibernate ORM core version 6.6.22.Final
2025-08-26 22:31:25.911 [restartedMain] INFO  o.h.c.i.RegionFactoryInitiator - HHH000026: Second-level cache disabled
2025-08-26 22:31:26.527 [restartedMain] INFO  o.s.o.j.p.SpringPersistenceUnitInfo - No LoadTimeWeaver setup: ignoring JPA class transformer
2025-08-26 22:31:26.602 [restartedMain] INFO  com.zaxxer.hikari.HikariDataSource - HikariPool-1 - Starting...
2025-08-26 22:31:27.011 [restartedMain] INFO  com.zaxxer.hikari.pool.HikariPool - HikariPool-1 - Added connection org.postgresql.jdbc.PgConnection@5020c565
2025-08-26 22:31:27.017 [restartedMain] INFO  com.zaxxer.hikari.HikariDataSource - HikariPool-1 - Start completed.
2025-08-26 22:31:27.093 [restartedMain] WARN  org.hibernate.orm.deprecation - HHH90000025: PostgreSQLDialect does not need to be specified explicitly using 'hibernate.dialect' (remove the property setting and it will be selected by default)
2025-08-26 22:31:27.158 [restartedMain] INFO  o.hibernate.orm.connections.pooling - HHH10001005: Database info:
	Database JDBC URL [Connecting through datasource 'HikariDataSource (HikariPool-1)']
	Database driver: undefined/unknown
	Database version: 17.5
	Autocommit mode: undefined/unknown
	Isolation level: undefined/unknown
	Minimum pool size: undefined/unknown
	Maximum pool size: undefined/unknown
2025-08-26 22:31:29.043 [restartedMain] INFO  o.h.e.t.j.p.i.JtaPlatformInitiator - HHH000489: No JTA platform available (set 'hibernate.transaction.jta.platform' to enable JTA platform integration)
2025-08-26 22:31:29.202 [restartedMain] INFO  o.s.o.j.LocalContainerEntityManagerFactoryBean - Initialized JPA EntityManagerFactory for persistence unit 'default'
2025-08-26 22:31:30.358 [restartedMain] WARN  o.s.b.a.o.j.JpaBaseConfiguration$JpaWebConfiguration - spring.jpa.open-in-view is enabled by default. Therefore, database queries may be performed during view rendering. Explicitly configure spring.jpa.open-in-view to disable this warning
2025-08-26 22:31:30.863 [restartedMain] INFO  o.s.b.a.e.web.EndpointLinksResolver - Exposing 1 endpoint beneath base path '/actuator'
2025-08-26 22:31:30.947 [restartedMain] INFO  o.s.s.c.a.a.c.InitializeUserDetailsBeanManagerConfigurer$InitializeUserDetailsManagerConfigurer - Global AuthenticationManager configured with UserDetailsService bean with name jwtUserDetailsService
2025-08-26 22:31:31.044 [restartedMain] INFO  c.g.security.config.SecurityConfig - Initializing Security Filter Chain with global CORS...
2025-08-26 22:31:31.044 [restartedMain] INFO  c.g.security.config.SecurityConfig - Setting up global CORS configuration...
2025-08-26 22:31:31.692 [restartedMain] INFO  o.s.b.d.a.OptionalLiveReloadServer - LiveReload server is running on port 35729
2025-08-26 22:31:31.879 [restartedMain] INFO  o.a.coyote.http11.Http11NioProtocol - Starting ProtocolHandler ["http-nio-8082"]
2025-08-26 22:31:31.919 [restartedMain] INFO  o.s.b.w.e.tomcat.TomcatWebServer - Tomcat started on port 8082 (http) with context path '/'
2025-08-26 22:31:31.981 [restartedMain] INFO  c.g.u.UserServiceApplication - Started UserServiceApplication in 13.926 seconds (process running for 15.357)
2025-08-26 22:41:40.157 [http-nio-8082-exec-3] INFO  o.a.c.c.C.[Tomcat].[localhost].[/] - Initializing Spring DispatcherServlet 'dispatcherServlet'
2025-08-26 22:41:40.157 [http-nio-8082-exec-3] INFO  o.s.web.servlet.DispatcherServlet - Initializing Servlet 'dispatcherServlet'
2025-08-26 22:41:40.173 [http-nio-8082-exec-3] INFO  o.s.web.servlet.DispatcherServlet - Completed initialization in 16 ms
2025-08-26 22:41:40.360 [http-nio-8082-exec-1] INFO  c.g.s.filter.JwtAuthenticationFilter - JWT extracted: eyJhbGciOiJIUzI1NiJ9.eyJzdWIiOiJzaGFybWEyMDAxYmhhd2VzaEBnbWFpbC5jb20iLCJ1c2VySWQiOjEsIm5hbWUiOiJCaGF3ZXNoIFNoYXJtYSIsImVtYWlsIjoic2hhcm1hMjAwMWJoYXdlc2hAZ21haWwuY29tIiwicm9sZSI6IlVTRVIiLCJpYXQiOjE3NTYyMjgyOTksImV4cCI6MTc1NjIyOTE5OX0.N_ttv9KqrxJk8r1W6HNhawD5UtjSTd7zudRo7KXJerQ
2025-08-26 22:41:40.479 [http-nio-8082-exec-1] INFO  c.g.s.filter.JwtAuthenticationFilter - Username extracted from JWT: sharma2001bhawesh@gmail.com
2025-08-26 22:41:40.479 [http-nio-8082-exec-1] INFO  c.g.s.service.JwtUserDetailsService - Loading UserDetails for email: sharma2001bhawesh@gmail.com
2025-08-26 22:41:40.494 [http-nio-8082-exec-1] INFO  c.g.s.filter.JwtAuthenticationFilter - UserDetails loaded for: sharma2001bhawesh@gmail.com
2025-08-26 22:41:40.509 [http-nio-8082-exec-1] INFO  c.gymai.security.service.JwtService - Token valid status for sharma2001bhawesh@gmail.com: true
2025-08-26 22:41:40.512 [http-nio-8082-exec-1] INFO  c.g.s.filter.JwtAuthenticationFilter - JWT is valid for user: sharma2001bhawesh@gmail.com
2025-08-26 22:41:40.528 [http-nio-8082-exec-1] INFO  c.g.s.filter.JwtAuthenticationFilter - Security context updated for user: sharma2001bhawesh@gmail.com
2025-08-26 22:41:42.110 [http-nio-8082-exec-1] DEBUG c.g.u.c.UserProfileController - Profile completion check for userId 1 → false
2025-08-26 22:45:03.070 [http-nio-8082-exec-5] INFO  c.g.s.filter.JwtAuthenticationFilter - JWT extracted: eyJhbGciOiJIUzI1NiJ9.eyJzdWIiOiJ0ZXN0QHRlc3QuY29tIiwidXNlcklkIjoyLCJuYW1lIjoidGVzdEB0ZXN0LmNvbSIsImVtYWlsIjoidGVzdEB0ZXN0LmNvbSIsInJvbGUiOiJVU0VSIiwiaWF0IjoxNzU2MjI4NTAzLCJleHAiOjE3NTYyMjk0MDN9.9ea7h0vpBcN-JRQOsVaLN9bE0KJ6jn5_NNpGRTxOBYc
2025-08-26 22:45:03.076 [http-nio-8082-exec-5] INFO  c.g.s.filter.JwtAuthenticationFilter - Username extracted from JWT: test@test.com
2025-08-26 22:45:03.076 [http-nio-8082-exec-5] INFO  c.g.s.service.JwtUserDetailsService - Loading UserDetails for email: test@test.com
2025-08-26 22:45:03.076 [http-nio-8082-exec-5] INFO  c.g.s.filter.JwtAuthenticationFilter - UserDetails loaded for: test@test.com
2025-08-26 22:45:03.086 [http-nio-8082-exec-5] INFO  c.gymai.security.service.JwtService - Token valid status for test@test.com: true
2025-08-26 22:45:03.086 [http-nio-8082-exec-5] INFO  c.g.s.filter.JwtAuthenticationFilter - JWT is valid for user: test@test.com
2025-08-26 22:45:03.086 [http-nio-8082-exec-5] INFO  c.g.s.filter.JwtAuthenticationFilter - Security context updated for user: test@test.com
2025-08-26 22:45:03.111 [http-nio-8082-exec-5] DEBUG c.g.u.c.UserProfileController - Profile completion check for userId 2 → false
2025-08-26 22:45:34.001 [http-nio-8082-exec-7] INFO  c.g.s.filter.JwtAuthenticationFilter - JWT extracted: eyJhbGciOiJIUzI1NiJ9.eyJzdWIiOiJ0ZXN0QHRlc3QuY29tIiwidXNlcklkIjoyLCJuYW1lIjoidGVzdEB0ZXN0LmNvbSIsImVtYWlsIjoidGVzdEB0ZXN0LmNvbSIsInJvbGUiOiJVU0VSIiwiaWF0IjoxNzU2MjI4NTAzLCJleHAiOjE3NTYyMjk0MDN9.9ea7h0vpBcN-JRQOsVaLN9bE0KJ6jn5_NNpGRTxOBYc
2025-08-26 22:45:34.008 [http-nio-8082-exec-7] INFO  c.g.s.filter.JwtAuthenticationFilter - Username extracted from JWT: test@test.com
2025-08-26 22:45:34.011 [http-nio-8082-exec-7] INFO  c.g.s.service.JwtUserDetailsService - Loading UserDetails for email: test@test.com
2025-08-26 22:45:34.011 [http-nio-8082-exec-7] INFO  c.g.s.filter.JwtAuthenticationFilter - UserDetails loaded for: test@test.com
2025-08-26 22:45:34.029 [http-nio-8082-exec-7] INFO  c.gymai.security.service.JwtService - Token valid status for test@test.com: true
2025-08-26 22:45:34.029 [http-nio-8082-exec-7] INFO  c.g.s.filter.JwtAuthenticationFilter - JWT is valid for user: test@test.com
2025-08-26 22:45:34.031 [http-nio-8082-exec-7] INFO  c.g.s.filter.JwtAuthenticationFilter - Security context updated for user: test@test.com
2025-08-26 22:45:34.214 [http-nio-8082-exec-7] DEBUG c.g.u.c.UserProfileController - Received token in POST /profile
2025-08-26 22:45:34.223 [http-nio-8082-exec-7] DEBUG c.g.u.c.UserProfileController - Extracted from token - userId: 2, name: test@test.com, email: test@test.com
2025-08-26 22:45:34.223 [http-nio-8082-exec-7] INFO  c.g.u.service.UserProfileService - Saving or updating user profile for userId: 2
2025-08-26 22:45:34.363 [http-nio-8082-exec-7] INFO  c.g.u.service.UserProfileService - Profile saved: UserProfile(userId=2, name=test@test.com, email=test@test.com, age=24, height=176.0, weight=68.0, gender=MALE, goal=MUSCLE_GAIN, activityLevel=MEDIUM, preference=veg)
2025-08-26 22:45:34.408 [http-nio-8082-exec-7] INFO  o.s.a.r.c.CachingConnectionFactory - Attempting to connect to: [puffin.rmq2.cloudamqp.com:5671]
2025-08-26 22:45:35.521 [http-nio-8082-exec-7] INFO  o.s.a.r.c.CachingConnectionFactory - Created new connection: rabbitConnectionFactory#7ef8cecc:0/SimpleConnection@7e8ee615 [delegate=amqp://dnqrhfau@15.206.140.228:5671/dnqrhfau, localPort=26854]
2025-08-26 22:45:36.043 [http-nio-8082-exec-7] DEBUG c.g.u.producer.UserEventProducer - Published user event to exchange='gym.exchange' routingKey='user.event' payload={"userId":2,"name":"test@test.com","age":24,"height":176.0,"weight":68.0,"gender":"MALE","goal":"MUSCLE_GAIN","activityLevel":"MEDIUM","preference":"veg","email":"test@test.com"}
2025-08-26 22:45:36.043 [http-nio-8082-exec-7] INFO  c.g.u.service.UserProfileService - User event published to RabbitMQ for userId: 2
2025-08-26 22:45:36.043 [http-nio-8082-exec-7] INFO  c.g.u.c.UserProfileController - Saved user profile for userId 2
2025-08-26 23:27:12.798 [http-nio-8082-exec-3] INFO  c.g.s.filter.JwtAuthenticationFilter - JWT extracted: eyJhbGciOiJIUzI1NiJ9.eyJzdWIiOiJ0ZXN0QHRlc3QuY29tIiwidXNlcklkIjoyLCJuYW1lIjoidGVzdEB0ZXN0LmNvbSIsImVtYWlsIjoidGVzdEB0ZXN0LmNvbSIsInJvbGUiOiJVU0VSIiwiaWF0IjoxNzU2MjMxMDMyLCJleHAiOjE3NTYyMzE5MzJ9.LTUXBJgrm0tffT-nz0Wgz7DD6G22lEzsqyXF2fuWABE
2025-08-26 23:27:12.812 [http-nio-8082-exec-3] INFO  c.g.s.filter.JwtAuthenticationFilter - Username extracted from JWT: test@test.com
2025-08-26 23:27:12.812 [http-nio-8082-exec-3] INFO  c.g.s.service.JwtUserDetailsService - Loading UserDetails for email: test@test.com
2025-08-26 23:27:12.812 [http-nio-8082-exec-3] INFO  c.g.s.filter.JwtAuthenticationFilter - UserDetails loaded for: test@test.com
2025-08-26 23:27:12.812 [http-nio-8082-exec-3] INFO  c.gymai.security.service.JwtService - Token valid status for test@test.com: true
2025-08-26 23:27:12.812 [http-nio-8082-exec-3] INFO  c.g.s.filter.JwtAuthenticationFilter - JWT is valid for user: test@test.com
2025-08-26 23:27:12.812 [http-nio-8082-exec-3] INFO  c.g.s.filter.JwtAuthenticationFilter - Security context updated for user: test@test.com
2025-08-26 23:27:12.864 [http-nio-8082-exec-3] DEBUG c.g.u.c.UserProfileController - Profile completion check for userId 2 → true
2025-08-26 23:30:19.982 [http-nio-8082-exec-4] INFO  c.g.s.filter.JwtAuthenticationFilter - JWT extracted: eyJhbGciOiJIUzI1NiJ9.eyJzdWIiOiJ0ZXN0QHRlc3QuY29tIiwidXNlcklkIjoyLCJuYW1lIjoidGVzdEB0ZXN0LmNvbSIsImVtYWlsIjoidGVzdEB0ZXN0LmNvbSIsInJvbGUiOiJVU0VSIiwiaWF0IjoxNzU2MjMxMjE5LCJleHAiOjE3NTYyMzIxMTl9.Skfq5dAFWVEY9PWtwDukdTcWzvqHlWNxo4d1eQYz8QU
2025-08-26 23:30:19.987 [http-nio-8082-exec-4] INFO  c.g.s.filter.JwtAuthenticationFilter - Username extracted from JWT: test@test.com
2025-08-26 23:30:19.987 [http-nio-8082-exec-4] INFO  c.g.s.service.JwtUserDetailsService - Loading UserDetails for email: test@test.com
2025-08-26 23:30:19.987 [http-nio-8082-exec-4] INFO  c.g.s.filter.JwtAuthenticationFilter - UserDetails loaded for: test@test.com
2025-08-26 23:30:19.990 [http-nio-8082-exec-4] INFO  c.gymai.security.service.JwtService - Token valid status for test@test.com: true
2025-08-26 23:30:19.990 [http-nio-8082-exec-4] INFO  c.g.s.filter.JwtAuthenticationFilter - JWT is valid for user: test@test.com
2025-08-26 23:30:19.990 [http-nio-8082-exec-4] INFO  c.g.s.filter.JwtAuthenticationFilter - Security context updated for user: test@test.com
2025-08-26 23:30:20.014 [http-nio-8082-exec-4] DEBUG c.g.u.c.UserProfileController - Profile completion check for userId 2 → true
2025-08-26 23:56:30.263 [http-nio-8082-exec-8] INFO  c.g.s.filter.JwtAuthenticationFilter - JWT extracted: eyJhbGciOiJIUzI1NiJ9.eyJzdWIiOiJ0ZXN0QHRlc3QuY29tIiwidXNlcklkIjoyLCJuYW1lIjoidGVzdEB0ZXN0LmNvbSIsImVtYWlsIjoidGVzdEB0ZXN0LmNvbSIsInJvbGUiOiJVU0VSIiwiaWF0IjoxNzU2MjMyNzkwLCJleHAiOjE3NTYyMzM2OTB9.C2cbiLkhyMq8U1hp4UqbjAvo0cKHfaNNaXol8znVrag
2025-08-26 23:56:30.279 [http-nio-8082-exec-8] INFO  c.g.s.filter.JwtAuthenticationFilter - Username extracted from JWT: test@test.com
2025-08-26 23:56:30.279 [http-nio-8082-exec-8] INFO  c.g.s.service.JwtUserDetailsService - Loading UserDetails for email: test@test.com
2025-08-26 23:56:30.279 [http-nio-8082-exec-8] INFO  c.g.s.filter.JwtAuthenticationFilter - UserDetails loaded for: test@test.com
2025-08-26 23:56:30.279 [http-nio-8082-exec-8] INFO  c.gymai.security.service.JwtService - Token valid status for test@test.com: true
2025-08-26 23:56:30.279 [http-nio-8082-exec-8] INFO  c.g.s.filter.JwtAuthenticationFilter - JWT is valid for user: test@test.com
2025-08-26 23:56:30.279 [http-nio-8082-exec-8] INFO  c.g.s.filter.JwtAuthenticationFilter - Security context updated for user: test@test.com
2025-08-26 23:56:30.311 [http-nio-8082-exec-8] DEBUG c.g.u.c.UserProfileController - Profile completion check for userId 2 → true
