2026-03-25 22:38:54.511 [background-preinit] INFO  o.h.validator.internal.util.Version - HV000001: Hibernate Validator 8.0.2.Final
2026-03-25 22:38:54.723 [main] INFO  c.g.a.AuthServiceApplication - Starting AuthServiceApplication using Java 21.0.8 with PID 8476 (C:\Users\bikku\OneDrive\Desktop\GymAi\auth-service\target\classes started by bikku in C:\Users\bikku\OneDrive\Desktop\GymAi\auth-service)
2026-03-25 22:38:54.727 [main] DEBUG c.g.a.AuthServiceApplication - Running with Spring Boot v3.5.4, Spring v6.2.9
2026-03-25 22:38:54.734 [main] INFO  c.g.a.AuthServiceApplication - No active profile set, falling back to 1 default profile: "default"
2026-03-25 22:38:59.003 [main] INFO  o.s.d.r.c.RepositoryConfigurationDelegate - Bootstrapping Spring Data JPA repositories in DEFAULT mode.
2026-03-25 22:38:59.225 [main] INFO  o.s.d.r.c.RepositoryConfigurationDelegate - Finished Spring Data repository scanning in 198 ms. Found 1 JPA repository interface.
2026-03-25 22:39:01.313 [main] INFO  o.s.b.w.e.tomcat.TomcatWebServer - Tomcat initialized with port 8081 (http)
2026-03-25 22:39:01.366 [main] INFO  o.a.coyote.http11.Http11NioProtocol - Initializing ProtocolHandler ["http-nio-8081"]
2026-03-25 22:39:01.369 [main] INFO  o.a.catalina.core.StandardService - Starting service [Tomcat]
2026-03-25 22:39:01.372 [main] INFO  o.a.catalina.core.StandardEngine - Starting Servlet engine: [Apache Tomcat/10.1.43]
2026-03-25 22:39:01.606 [main] INFO  o.a.c.c.C.[Tomcat].[localhost].[/] - Initializing Spring embedded WebApplicationContext
2026-03-25 22:39:01.606 [main] INFO  o.s.b.w.s.c.ServletWebServerApplicationContext - Root WebApplicationContext: initialization completed in 6701 ms
2026-03-25 22:39:02.003 [main] INFO  c.g.auth_service.security.JwtService - JWT secret key initialized
2026-03-25 22:39:02.429 [main] INFO  o.h.jpa.internal.util.LogHelper - HHH000204: Processing PersistenceUnitInfo [name: default]
2026-03-25 22:39:02.747 [main] INFO  org.hibernate.Version - HHH000412: Hibernate ORM core version 6.6.22.Final
2026-03-25 22:39:02.870 [main] INFO  o.h.c.i.RegionFactoryInitiator - HHH000026: Second-level cache disabled
2026-03-25 22:39:03.899 [main] INFO  o.s.o.j.p.SpringPersistenceUnitInfo - No LoadTimeWeaver setup: ignoring JPA class transformer
2026-03-25 22:39:03.991 [main] INFO  com.zaxxer.hikari.HikariDataSource - HikariPool-1 - Starting...
2026-03-25 22:39:07.235 [main] INFO  com.zaxxer.hikari.pool.HikariPool - HikariPool-1 - Added connection org.postgresql.jdbc.PgConnection@72bce309
2026-03-25 22:39:07.240 [main] INFO  com.zaxxer.hikari.HikariDataSource - HikariPool-1 - Start completed.
2026-03-25 22:39:08.802 [main] INFO  o.hibernate.orm.connections.pooling - HHH10001005: Database info:
	Database JDBC URL [Connecting through datasource 'HikariDataSource (HikariPool-1)']
	Database driver: undefined/unknown
	Database version: 17.8
	Autocommit mode: undefined/unknown
	Isolation level: undefined/unknown
	Minimum pool size: undefined/unknown
	Maximum pool size: undefined/unknown
2026-03-25 22:39:12.755 [main] INFO  o.h.e.t.j.p.i.JtaPlatformInitiator - HHH000489: No JTA platform available (set 'hibernate.transaction.jta.platform' to enable JTA platform integration)
2026-03-25 22:39:14.332 [main] INFO  o.s.o.j.LocalContainerEntityManagerFactoryBean - Initialized JPA EntityManagerFactory for persistence unit 'default'
2026-03-25 22:39:15.794 [main] DEBUG c.g.a.s.JwtAuthenticationFilter - Filter 'jwtAuthenticationFilter' configured for use
2026-03-25 22:39:16.761 [main] INFO  c.g.a.security.SecurityConfig - Initializing BCryptPasswordEncoder
2026-03-25 22:39:16.789 [main] INFO  c.g.a.security.SecurityConfig - Creating AuthenticationManager
2026-03-25 22:39:16.858 [main] INFO  c.g.a.security.SecurityConfig - Setting up AuthenticationProvider
2026-03-25 22:39:16.893 [main] INFO  o.s.s.c.a.a.c.InitializeAuthenticationProviderBeanManagerConfigurer$InitializeAuthenticationProviderManagerConfigurer - Global AuthenticationManager configured with AuthenticationProvider bean with name authenticationProvider
2026-03-25 22:39:16.893 [main] WARN  o.s.s.c.a.a.c.InitializeUserDetailsBeanManagerConfigurer$InitializeUserDetailsManagerConfigurer - Global AuthenticationManager configured with an AuthenticationProvider bean. UserDetailsService beans will not be used by Spring Security for automatically configuring username/password login. Consider removing the AuthenticationProvider bean. Alternatively, consider using the UserDetailsService in a manually instantiated DaoAuthenticationProvider. If the current configuration is intentional, to turn off this warning, increase the logging level of 'org.springframework.security.config.annotation.authentication.configuration.InitializeUserDetailsBeanManagerConfigurer' to ERROR
2026-03-25 22:39:18.667 [main] INFO  o.s.b.a.e.web.EndpointLinksResolver - Exposing 14 endpoints beneath base path '/actuator'
2026-03-25 22:39:18.982 [main] INFO  c.g.a.security.SecurityConfig - Setting up Security Filter Chain
2026-03-25 22:39:18.985 [main] DEBUG c.g.a.security.SecurityConfig - Disabling CSRF
2026-03-25 22:39:18.987 [main] DEBUG c.g.a.security.SecurityConfig - Enabling CORS configuration
2026-03-25 22:39:18.989 [main] INFO  c.g.a.security.SecurityConfig - Configuring CORS
2026-03-25 22:39:19.011 [main] DEBUG c.g.a.security.SecurityConfig - Configuring authorized endpoints
2026-03-25 22:39:19.084 [main] DEBUG c.g.a.security.SecurityConfig - Setting authentication entry point
2026-03-25 22:39:19.108 [main] DEBUG c.g.a.security.SecurityConfig - Configuring session for OAuth state management
2026-03-25 22:39:20.493 [main] INFO  o.a.coyote.http11.Http11NioProtocol - Starting ProtocolHandler ["http-nio-8081"]
2026-03-25 22:39:20.565 [main] INFO  o.s.b.w.e.tomcat.TomcatWebServer - Tomcat started on port 8081 (http) with context path '/'
2026-03-25 22:39:20.609 [main] INFO  c.g.a.AuthServiceApplication - Started AuthServiceApplication in 28.282 seconds (process running for 29.84)
