2025-09-15 11:16:16.796 [background-preinit] INFO  o.h.validator.internal.util.Version - HV000001: Hibernate Validator 8.0.2.Final
2025-09-15 11:16:16.870 [main] INFO  c.g.a.AuthServiceApplication - Starting AuthServiceApplication using Java 21.0.8 with PID 17148 (C:\Users\padma\Desktop\GymAi\auth-service\target\classes started by padma in C:\Users\padma\Desktop\GymAi)
2025-09-15 11:16:16.871 [main] DEBUG c.g.a.AuthServiceApplication - Running with Spring Boot v3.5.4, Spring v6.2.9
2025-09-15 11:16:16.871 [main] INFO  c.g.a.AuthServiceApplication - The following 1 profile is active: "dev"
2025-09-15 11:16:19.191 [main] INFO  o.s.d.r.c.RepositoryConfigurationDelegate - Bootstrapping Spring Data JPA repositories in DEFAULT mode.
2025-09-15 11:16:19.328 [main] INFO  o.s.d.r.c.RepositoryConfigurationDelegate - Finished Spring Data repository scanning in 117 ms. Found 1 JPA repository interface.
2025-09-15 11:16:20.499 [main] INFO  o.s.b.w.e.tomcat.TomcatWebServer - Tomcat initialized with port 8081 (http)
2025-09-15 11:16:20.532 [main] INFO  o.a.coyote.http11.Http11NioProtocol - Initializing ProtocolHandler ["http-nio-8081"]
2025-09-15 11:16:20.534 [main] INFO  o.a.catalina.core.StandardService - Starting service [Tomcat]
2025-09-15 11:16:20.534 [main] INFO  o.a.catalina.core.StandardEngine - Starting Servlet engine: [Apache Tomcat/10.1.43]
2025-09-15 11:16:20.635 [main] INFO  o.a.c.c.C.[Tomcat].[localhost].[/] - Initializing Spring embedded WebApplicationContext
2025-09-15 11:16:20.635 [main] INFO  o.s.b.w.s.c.ServletWebServerApplicationContext - Root WebApplicationContext: initialization completed in 3675 ms
2025-09-15 11:16:20.863 [main] INFO  c.g.auth_service.security.JwtService - JWT secret key initialized
2025-09-15 11:16:21.085 [main] INFO  o.h.jpa.internal.util.LogHelper - HHH000204: Processing PersistenceUnitInfo [name: default]
2025-09-15 11:16:21.193 [main] INFO  org.hibernate.Version - HHH000412: Hibernate ORM core version 6.6.22.Final
2025-09-15 11:16:21.280 [main] INFO  o.h.c.i.RegionFactoryInitiator - HHH000026: Second-level cache disabled
2025-09-15 11:16:21.757 [main] INFO  o.s.o.j.p.SpringPersistenceUnitInfo - No LoadTimeWeaver setup: ignoring JPA class transformer
2025-09-15 11:16:21.818 [main] INFO  com.zaxxer.hikari.HikariDataSource - HikariPool-1 - Starting...
2025-09-15 11:16:22.149 [main] INFO  com.zaxxer.hikari.pool.HikariPool - HikariPool-1 - Added connection org.postgresql.jdbc.PgConnection@3be50b2c
2025-09-15 11:16:22.151 [main] INFO  com.zaxxer.hikari.HikariDataSource - HikariPool-1 - Start completed.
2025-09-15 11:16:22.261 [main] INFO  o.hibernate.orm.connections.pooling - HHH10001005: Database info:
	Database JDBC URL [Connecting through datasource 'HikariDataSource (HikariPool-1)']
	Database driver: undefined/unknown
	Database version: 17.5
	Autocommit mode: undefined/unknown
	Isolation level: undefined/unknown
	Minimum pool size: undefined/unknown
	Maximum pool size: undefined/unknown
2025-09-15 11:16:23.664 [main] INFO  o.h.e.t.j.p.i.JtaPlatformInitiator - HHH000489: No JTA platform available (set 'hibernate.transaction.jta.platform' to enable JTA platform integration)
2025-09-15 11:16:23.735 [main] INFO  o.s.o.j.LocalContainerEntityManagerFactoryBean - Initialized JPA EntityManagerFactory for persistence unit 'default'
2025-09-15 11:16:24.333 [main] DEBUG c.g.a.s.JwtAuthenticationFilter - Filter 'jwtAuthenticationFilter' configured for use
2025-09-15 11:16:24.826 [main] INFO  c.g.a.security.SecurityConfig - Initializing BCryptPasswordEncoder
2025-09-15 11:16:24.841 [main] INFO  c.g.a.security.SecurityConfig - Creating AuthenticationManager
2025-09-15 11:16:24.875 [main] INFO  c.g.a.security.SecurityConfig - Setting up AuthenticationProvider
2025-09-15 11:16:24.894 [main] INFO  o.s.s.c.a.a.c.InitializeAuthenticationProviderBeanManagerConfigurer$InitializeAuthenticationProviderManagerConfigurer - Global AuthenticationManager configured with AuthenticationProvider bean with name authenticationProvider
2025-09-15 11:16:24.894 [main] WARN  o.s.s.c.a.a.c.InitializeUserDetailsBeanManagerConfigurer$InitializeUserDetailsManagerConfigurer - Global AuthenticationManager configured with an AuthenticationProvider bean. UserDetailsService beans will not be used by Spring Security for automatically configuring username/password login. Consider removing the AuthenticationProvider bean. Alternatively, consider using the UserDetailsService in a manually instantiated DaoAuthenticationProvider. If the current configuration is intentional, to turn off this warning, increase the logging level of 'org.springframework.security.config.annotation.authentication.configuration.InitializeUserDetailsBeanManagerConfigurer' to ERROR
2025-09-15 11:16:24.912 [main] WARN  o.s.b.w.s.c.AnnotationConfigServletWebServerApplicationContext - Exception encountered during context initialization - cancelling refresh attempt: org.springframework.beans.factory.UnsatisfiedDependencyException: Error creating bean with name 'customOAuth2AuthorizationRequestResolver' defined in file [C:\Users\padma\Desktop\GymAi\auth-service\target\classes\com\gymai\auth_service\security\CustomOAuth2AuthorizationRequestResolver.class]: Unsatisfied dependency expressed through constructor parameter 0: No qualifying bean of type 'org.springframework.security.oauth2.client.registration.ClientRegistrationRepository' available: expected at least 1 bean which qualifies as autowire candidate. Dependency annotations: {}
2025-09-15 11:16:24.919 [main] INFO  o.s.o.j.LocalContainerEntityManagerFactoryBean - Closing JPA EntityManagerFactory for persistence unit 'default'
2025-09-15 11:16:24.922 [main] INFO  com.zaxxer.hikari.HikariDataSource - HikariPool-1 - Shutdown initiated...
2025-09-15 11:16:24.928 [main] INFO  com.zaxxer.hikari.HikariDataSource - HikariPool-1 - Shutdown completed.
2025-09-15 11:16:24.932 [main] INFO  o.a.catalina.core.StandardService - Stopping service [Tomcat]
2025-09-15 11:16:24.969 [main] INFO  o.s.b.a.l.ConditionEvaluationReportLogger - 

Error starting ApplicationContext. To display the condition evaluation report re-run your application with 'debug' enabled.
2025-09-15 11:16:25.025 [main] ERROR o.s.b.d.LoggingFailureAnalysisReporter - 

***************************
APPLICATION FAILED TO START
***************************

Description:

Parameter 0 of constructor in com.gymai.auth_service.security.CustomOAuth2AuthorizationRequestResolver required a bean of type 'org.springframework.security.oauth2.client.registration.ClientRegistrationRepository' that could not be found.


Action:

Consider defining a bean of type 'org.springframework.security.oauth2.client.registration.ClientRegistrationRepository' in your configuration.

2025-09-15 11:18:06.667 [background-preinit] INFO  o.h.validator.internal.util.Version - HV000001: Hibernate Validator 8.0.2.Final
2025-09-15 11:18:06.742 [main] INFO  c.g.a.AuthServiceApplication - Starting AuthServiceApplication using Java 21.0.8 with PID 420 (C:\Users\padma\Desktop\GymAi\auth-service\target\classes started by padma in C:\Users\padma\Desktop\GymAi)
2025-09-15 11:18:06.742 [main] DEBUG c.g.a.AuthServiceApplication - Running with Spring Boot v3.5.4, Spring v6.2.9
2025-09-15 11:18:06.743 [main] INFO  c.g.a.AuthServiceApplication - The following 1 profile is active: "dev"
2025-09-15 11:18:08.868 [main] INFO  o.s.d.r.c.RepositoryConfigurationDelegate - Bootstrapping Spring Data JPA repositories in DEFAULT mode.
2025-09-15 11:18:08.999 [main] INFO  o.s.d.r.c.RepositoryConfigurationDelegate - Finished Spring Data repository scanning in 111 ms. Found 1 JPA repository interface.
2025-09-15 11:18:10.164 [main] INFO  o.s.b.w.e.tomcat.TomcatWebServer - Tomcat initialized with port 8081 (http)
2025-09-15 11:18:10.188 [main] INFO  o.a.coyote.http11.Http11NioProtocol - Initializing ProtocolHandler ["http-nio-8081"]
2025-09-15 11:18:10.191 [main] INFO  o.a.catalina.core.StandardService - Starting service [Tomcat]
2025-09-15 11:18:10.191 [main] INFO  o.a.catalina.core.StandardEngine - Starting Servlet engine: [Apache Tomcat/10.1.43]
2025-09-15 11:18:10.291 [main] INFO  o.a.c.c.C.[Tomcat].[localhost].[/] - Initializing Spring embedded WebApplicationContext
2025-09-15 11:18:10.291 [main] INFO  o.s.b.w.s.c.ServletWebServerApplicationContext - Root WebApplicationContext: initialization completed in 3470 ms
2025-09-15 11:18:10.520 [main] INFO  c.g.auth_service.security.JwtService - JWT secret key initialized
2025-09-15 11:18:10.726 [main] INFO  o.h.jpa.internal.util.LogHelper - HHH000204: Processing PersistenceUnitInfo [name: default]
2025-09-15 11:18:10.812 [main] INFO  org.hibernate.Version - HHH000412: Hibernate ORM core version 6.6.22.Final
2025-09-15 11:18:10.878 [main] INFO  o.h.c.i.RegionFactoryInitiator - HHH000026: Second-level cache disabled
2025-09-15 11:18:11.376 [main] INFO  o.s.o.j.p.SpringPersistenceUnitInfo - No LoadTimeWeaver setup: ignoring JPA class transformer
2025-09-15 11:18:11.422 [main] INFO  com.zaxxer.hikari.HikariDataSource - HikariPool-1 - Starting...
2025-09-15 11:18:11.823 [main] INFO  com.zaxxer.hikari.pool.HikariPool - HikariPool-1 - Added connection org.postgresql.jdbc.PgConnection@20a4cba7
2025-09-15 11:18:11.826 [main] INFO  com.zaxxer.hikari.HikariDataSource - HikariPool-1 - Start completed.
2025-09-15 11:18:11.911 [main] INFO  o.hibernate.orm.connections.pooling - HHH10001005: Database info:
	Database JDBC URL [Connecting through datasource 'HikariDataSource (HikariPool-1)']
	Database driver: undefined/unknown
	Database version: 17.5
	Autocommit mode: undefined/unknown
	Isolation level: undefined/unknown
	Minimum pool size: undefined/unknown
	Maximum pool size: undefined/unknown
2025-09-15 11:18:13.194 [main] INFO  o.h.e.t.j.p.i.JtaPlatformInitiator - HHH000489: No JTA platform available (set 'hibernate.transaction.jta.platform' to enable JTA platform integration)
2025-09-15 11:18:13.259 [main] INFO  o.s.o.j.LocalContainerEntityManagerFactoryBean - Initialized JPA EntityManagerFactory for persistence unit 'default'
2025-09-15 11:18:13.763 [main] DEBUG c.g.a.s.JwtAuthenticationFilter - Filter 'jwtAuthenticationFilter' configured for use
2025-09-15 11:18:14.219 [main] INFO  c.g.a.security.SecurityConfig - Initializing BCryptPasswordEncoder
2025-09-15 11:18:14.234 [main] INFO  c.g.a.security.SecurityConfig - Creating AuthenticationManager
2025-09-15 11:18:14.261 [main] INFO  c.g.a.security.SecurityConfig - Setting up AuthenticationProvider
2025-09-15 11:18:14.272 [main] INFO  o.s.s.c.a.a.c.InitializeAuthenticationProviderBeanManagerConfigurer$InitializeAuthenticationProviderManagerConfigurer - Global AuthenticationManager configured with AuthenticationProvider bean with name authenticationProvider
2025-09-15 11:18:14.272 [main] WARN  o.s.s.c.a.a.c.InitializeUserDetailsBeanManagerConfigurer$InitializeUserDetailsManagerConfigurer - Global AuthenticationManager configured with an AuthenticationProvider bean. UserDetailsService beans will not be used by Spring Security for automatically configuring username/password login. Consider removing the AuthenticationProvider bean. Alternatively, consider using the UserDetailsService in a manually instantiated DaoAuthenticationProvider. If the current configuration is intentional, to turn off this warning, increase the logging level of 'org.springframework.security.config.annotation.authentication.configuration.InitializeUserDetailsBeanManagerConfigurer' to ERROR
2025-09-15 11:18:14.295 [main] WARN  o.s.b.w.s.c.AnnotationConfigServletWebServerApplicationContext - Exception encountered during context initialization - cancelling refresh attempt: org.springframework.beans.factory.UnsatisfiedDependencyException: Error creating bean with name 'customOAuth2AuthorizationRequestResolver' defined in file [C:\Users\padma\Desktop\GymAi\auth-service\target\classes\com\gymai\auth_service\security\CustomOAuth2AuthorizationRequestResolver.class]: Unsatisfied dependency expressed through constructor parameter 0: No qualifying bean of type 'org.springframework.security.oauth2.client.registration.ClientRegistrationRepository' available: expected at least 1 bean which qualifies as autowire candidate. Dependency annotations: {}
2025-09-15 11:18:14.307 [main] INFO  o.s.o.j.LocalContainerEntityManagerFactoryBean - Closing JPA EntityManagerFactory for persistence unit 'default'
2025-09-15 11:18:14.310 [main] INFO  com.zaxxer.hikari.HikariDataSource - HikariPool-1 - Shutdown initiated...
2025-09-15 11:18:14.318 [main] INFO  com.zaxxer.hikari.HikariDataSource - HikariPool-1 - Shutdown completed.
2025-09-15 11:18:14.322 [main] INFO  o.a.catalina.core.StandardService - Stopping service [Tomcat]
2025-09-15 11:18:14.352 [main] INFO  o.s.b.a.l.ConditionEvaluationReportLogger - 

Error starting ApplicationContext. To display the condition evaluation report re-run your application with 'debug' enabled.
2025-09-15 11:18:14.389 [main] ERROR o.s.b.d.LoggingFailureAnalysisReporter - 

***************************
APPLICATION FAILED TO START
***************************

Description:

Parameter 0 of constructor in com.gymai.auth_service.security.CustomOAuth2AuthorizationRequestResolver required a bean of type 'org.springframework.security.oauth2.client.registration.ClientRegistrationRepository' that could not be found.


Action:

Consider defining a bean of type 'org.springframework.security.oauth2.client.registration.ClientRegistrationRepository' in your configuration.

